0 info it worked if it ends with ok
1 verbose cli [ 'c:\\Program Files (x86)\\nodejs\\node.exe',
1 verbose cli   'c:\\Program Files (x86)\\nodejs\\node_modules\\npm\\bin\\npm-cli.js',
1 verbose cli   'install',
1 verbose cli   '-g',
1 verbose cli   'ionic' ]
2 info using npm@2.5.1
3 info using node@v0.12.0
4 warn package.json astotel@1.0.0 No repository field.
5 warn package.json astotel@1.0.0 No README data
6 silly cache add args [ 'ionic', null ]
7 verbose cache add spec ionic
8 silly cache add parsed spec { raw: 'ionic',
8 silly cache add   scope: null,
8 silly cache add   name: null,
8 silly cache add   rawSpec: 'ionic',
8 silly cache add   spec: 'c:\\wamp\\www\\ionic\\astotel\\ionic',
8 silly cache add   type: 'local' }
9 silly addLocalTarball shasum (computed) 52b148bdb03b513c0ed3741f3aa5cbbac7d52caa
10 verbose addTmpTarball c:\wamp\www\ionic\astotel\ionic not in flight; adding
11 verbose addTmpTarball validating metadata from c:\wamp\www\ionic\astotel\ionic
12 verbose tar unpack c:\wamp\www\ionic\astotel\ionic
13 verbose tar unpacking to C:\Users\gchehami\AppData\Local\Temp\npm-14240-8acb597c\unpack-dca2e15788ab
14 verbose gentlyRm vacuuming C:\Users\gchehami\AppData\Local\Temp\npm-14240-8acb597c\unpack-dca2e15788ab
15 silly gunzTarPerm modes [ '777', '666' ]
16 error not a package c:\wamp\www\ionic\astotel\ionic
17 error addLocal Could not install c:\wamp\www\ionic\astotel\ionic
18 verbose stack Error: ENOENT, open 'C:\Users\gchehami\AppData\Local\Temp\npm-14240-8acb597c\unpack-dca2e15788ab\package.json'
18 verbose stack     at Error (native)
19 verbose cwd c:\wamp\www\ionic\astotel
20 error Windows_NT 6.1.7601
21 error argv "c:\\Program Files (x86)\\nodejs\\node.exe" "c:\\Program Files (x86)\\nodejs\\node_modules\\npm\\bin\\npm-cli.js" "install" "-g" "ionic"
22 error node v0.12.0
23 error npm  v2.5.1
24 error path C:\Users\gchehami\AppData\Local\Temp\npm-14240-8acb597c\unpack-dca2e15788ab\package.json
25 error code ENOENT
26 error errno -4058
27 error enoent ENOENT, open 'C:\Users\gchehami\AppData\Local\Temp\npm-14240-8acb597c\unpack-dca2e15788ab\package.json'
27 error enoent This is most likely not a problem with npm itself
27 error enoent and is related to npm not being able to find a file.
28 verbose exit [ -4058, true ]
